Thu May 02 13:44:20 CST 2024 : Apache Derby Network Server - 10.10.2.0 - (1582446) started and ready to accept connections on port 1527
----------------------------------------------------------------
Thu May 02 13:45:46 CST 2024:
Booting Derby version The Apache Software Foundation - Apache Derby - 10.10.2.0 - (1582446): instance a816c00e-018f-37d5-0b1f-ffffe388e75a 
on database directory C:\Users\elyss\OneDrive\Documents\NetBeansProjects\ReservationsSystems\databaseq with class loader sun.misc.Launcher$AppClassLoader@1d44bcfa 
Loaded from file:/C:/Program%20Files/glassfish-4.1.1/javadb/lib/derby.jar
java.vendor=Oracle Corporation
java.runtime.version=1.8.0_391-b13
user.dir=C:\Program Files\glassfish-4.1.1\javadb
os.name=Windows 11
os.arch=amd64
os.version=10.0
derby.system.home=C:\Users\elyss\OneDrive\Documents\NetBeansProjects\ReservationsSystems
Database Class Loader started - derby.database.classpath=''
----------------------------------------------------------------
Thu May 02 13:45:47 CST 2024:
Shutting down instance a816c00e-018f-37d5-0b1f-ffffe388e75a on database directory C:\Users\elyss\OneDrive\Documents\NetBeansProjects\ReservationsSystems\databaseq with class loader sun.misc.Launcher$AppClassLoader@1d44bcfa 
Thu May 02 13:45:47 CST 2024 Thread[DRDAConnThread_3,5,main] (DATABASE = databaseq), (DRDAID = {2}), Database 'databaseq' shutdown.
----------------------------------------------------------------
Thu May 02 13:46:01 CST 2024:
Booting Derby version The Apache Software Foundation - Apache Derby - 10.10.2.0 - (1582446): instance 560740aa-018f-37d5-0b1f-ffffe388e75a 
on database directory C:\Users\elyss\OneDrive\Documents\NetBeansProjects\ReservationsSystems\databaseq with class loader sun.misc.Launcher$AppClassLoader@1d44bcfa 
Loaded from file:/C:/Program%20Files/glassfish-4.1.1/javadb/lib/derby.jar
java.vendor=Oracle Corporation
java.runtime.version=1.8.0_391-b13
user.dir=C:\Program Files\glassfish-4.1.1\javadb
os.name=Windows 11
os.arch=amd64
os.version=10.0
derby.system.home=C:\Users\elyss\OneDrive\Documents\NetBeansProjects\ReservationsSystems
Database Class Loader started - derby.database.classpath=''
----------------------------------------------------------------
Thu May 02 13:53:13 CST 2024:
Booting Derby version The Apache Software Foundation - Apache Derby - 10.10.2.0 - (1582446): instance cead00d8-018f-37d5-0b1f-ffffe388e75a 
on database directory C:\Users\elyss\OneDrive\Documents\NetBeansProjects\ReservationsSystems\sample with class loader sun.misc.Launcher$AppClassLoader@1d44bcfa 
Loaded from file:/C:/Program%20Files/glassfish-4.1.1/javadb/lib/derby.jar
java.vendor=Oracle Corporation
java.runtime.version=1.8.0_391-b13
user.dir=C:\Program Files\glassfish-4.1.1\javadb
os.name=Windows 11
os.arch=amd64
os.version=10.0
derby.system.home=C:\Users\elyss\OneDrive\Documents\NetBeansProjects\ReservationsSystems
Database Class Loader started - derby.database.classpath=''
